Build started 6/30/2015 12:01:24 AM.
     1>Project "C:\Users\Mighty\documents\visual studio 2010\Projects\Tcp_connection\Tcp_connection_Client\Tcp_connection_Client.vcxproj" on node 2 (rebuild target(s)).
     1>_PrepareForClean:
         Deleting file "Debug\Tcp_connection_Client.lastbuildstate".
       InitializeBuildStatus:
         Creating "Debug\Tcp_connection_Client.unsuccessfulbuild" because "AlwaysCreate" was specified.
       ClCompile:
         C:\Program Files (x86)\Microsoft Visual Studio 10.0\VC\bin\CL.exe /c /ZI /nologo /W3 /WX- /Od /Oy- /D _MBCS /Gm /EHsc /RTC1 /MDd /GS /fp:precise /Zc:wchar_t /Zc:forScope /Fo"Debug\\" /Fd"Debug\vc100.pdb" /Gd /TP /analyze- /errorReport:prompt Client.cpp
         Client.cpp
     1>c:\users\mighty\documents\visual studio 2010\projects\tcp_connection\tcp_connection_client\client.cpp(143): warning C4101: 'MESSAGE' : unreferenced local variable
     1>c:\users\mighty\documents\visual studio 2010\projects\tcp_connection\tcp_connection_client\client.cpp(104): warning C4101: 'b' : unreferenced local variable
     1>c:\users\mighty\documents\visual studio 2010\projects\tcp_connection\tcp_connection_client\client.cpp(105): warning C4101: 'str' : unreferenced local variable
       Link:
         C:\Program Files (x86)\Microsoft Visual Studio 10.0\VC\bin\link.exe /ERRORREPORT:PROMPT /OUT:"C:\Users\Mighty\documents\visual studio 2010\Projects\Tcp_connection\Debug\Tcp_connection_Client.exe" /NOLOGO kernel32.lib user32.lib gdi32.lib winspool.lib comdlg32.lib advapi32.lib shell32.lib ole32.lib oleaut32.lib uuid.lib odbc32.lib Ws2_32.lib odbccp32.lib kernel32.lib user32.lib gdi32.lib winspool.lib comdlg32.lib advapi32.lib shell32.lib ole32.lib oleaut32.lib uuid.lib odbc32.lib odbccp32.lib /MANIFEST /ManifestFile:"Debug\Tcp_connection_Client.exe.intermediate.manifest" /MANIFESTUAC:"level='asInvoker' uiAccess='false'" /DEBUG /PDB:"C:\Users\Mighty\documents\visual studio 2010\Projects\Tcp_connection\Debug\Tcp_connection_Client.pdb" /TLBID:1 /DYNAMICBASE /NXCOMPAT /IMPLIB:"C:\Users\Mighty\documents\visual studio 2010\Projects\Tcp_connection\Debug\Tcp_connection_Client.lib" /MACHINE:X86 Debug\Client.obj
         Tcp_connection_Client.vcxproj -> C:\Users\Mighty\documents\visual studio 2010\Projects\Tcp_connection\Debug\Tcp_connection_Client.exe
       Manifest:
         C:\Program Files (x86)\Microsoft SDKs\Windows\v7.0A\bin\mt.exe /nologo /verbose /outputresource:"C:\Users\Mighty\documents\visual studio 2010\Projects\Tcp_connection\Debug\Tcp_connection_Client.exe;#1" /manifest Debug\Tcp_connection_Client.exe.intermediate.manifest
       FinalizeBuildStatus:
         Deleting file "Debug\Tcp_connection_Client.unsuccessfulbuild".
         Touching "Debug\Tcp_connection_Client.lastbuildstate".
     1>Done Building Project "C:\Users\Mighty\documents\visual studio 2010\Projects\Tcp_connection\Tcp_connection_Client\Tcp_connection_Client.vcxproj" (rebuild target(s)).

Build succeeded.

Time Elapsed 00:00:01.45
