Build started 7/2/2015 3:34:17 PM.
     1>Project "C:\Users\Mighty\documents\visual studio 2010\Projects\Tcp_connection\Tcp_connection\Tcp_connection.vcxproj" on node 2 (build target(s)).
     1>InitializeBuildStatus:
         Creating "Debug\Tcp_connection.unsuccessfulbuild" because "AlwaysCreate" was specified.
       ClCompile:
         C:\Program Files (x86)\Microsoft Visual Studio 10.0\VC\bin\CL.exe /c /ZI /nologo /W3 /WX- /Od /Oy- /D _MBCS /Gm /EHsc /RTC1 /MDd /GS /fp:precise /Zc:wchar_t /Zc:forScope /Fo"Debug\\" /Fd"Debug\vc100.pdb" /Gd /TP /analyze- /errorReport:prompt Server.cpp
         Server.cpp
     1>c:\users\mighty\documents\visual studio 2010\projects\tcp_connection\tcp_connection\server.cpp(132): warning C4101: 'messg' : unreferenced local variable
     1>c:\users\mighty\documents\visual studio 2010\projects\tcp_connection\tcp_connection\server.cpp(132): warning C4101: 'MESSAGE' : unreferenced local variable
       Link:
         C:\Program Files (x86)\Microsoft Visual Studio 10.0\VC\bin\link.exe /ERRORREPORT:PROMPT /OUT:"C:\Users\Mighty\documents\visual studio 2010\Projects\Tcp_connection\Debug\Tcp_connection.exe" /NOLOGO kernel32.lib user32.lib gdi32.lib winspool.lib comdlg32.lib advapi32.lib shell32.lib ole32.lib oleaut32.lib uuid.lib odbc32.lib odbccp32.lib /MANIFEST /ManifestFile:"Debug\Tcp_connection.exe.intermediate.manifest" /MANIFESTUAC:"level='asInvoker' uiAccess='false'" /DEBUG /PDB:"C:\Users\Mighty\documents\visual studio 2010\Projects\Tcp_connection\Debug\Tcp_connection.pdb" /TLBID:1 /DYNAMICBASE /NXCOMPAT /IMPLIB:"C:\Users\Mighty\documents\visual studio 2010\Projects\Tcp_connection\Debug\Tcp_connection.lib" /MACHINE:X86 Debug\Server.obj
         Tcp_connection.vcxproj -> C:\Users\Mighty\documents\visual studio 2010\Projects\Tcp_connection\Debug\Tcp_connection.exe
       Manifest:
         C:\Program Files (x86)\Microsoft SDKs\Windows\v7.0A\bin\mt.exe /nologo /verbose /outputresource:"C:\Users\Mighty\documents\visual studio 2010\Projects\Tcp_connection\Debug\Tcp_connection.exe;#1" /manifest Debug\Tcp_connection.exe.intermediate.manifest
       FinalizeBuildStatus:
         Deleting file "Debug\Tcp_connection.unsuccessfulbuild".
         Touching "Debug\Tcp_connection.lastbuildstate".
     1>Done Building Project "C:\Users\Mighty\documents\visual studio 2010\Projects\Tcp_connection\Tcp_connection\Tcp_connection.vcxproj" (build target(s)).

Build succeeded.

Time Elapsed 00:00:02.21
